Running: /home/Lotharius16/Xilinx/14.7/ISE_DS/ISE/bin/lin64/unwrapped/fuse -intstyle ise -incremental -lib secureip -o /home/Lotharius16/Microprocesadores/Flowking_Bird/ASM1_isim_beh.exe -prj /home/Lotharius16/Microprocesadores/Flowking_Bird/ASM1_beh.prj work.ASM1 
ISim P.20131013 (signature 0xfbc00daa)
Number of CPUs detected in this system: 4
Turning on mult-threading, number of parallel sub-compilation jobs: 8 
Determining compilation order of HDL files
Parsing VHDL file "/home/Lotharius16/Microprocesadores/Flowking_Bird/ASM1.vhd" into library work
Starting static elaboration
Completed static elaboration
Fuse Memory Usage: 96208 KB
Fuse CPU Usage: 1240 ms
Compiling package standard
Compiling package std_logic_1164
Compiling package std_logic_arith
Compiling package std_logic_unsigned
Compiling architecture behavioral of entity asm1
Time Resolution for simulation is 1ps.
Waiting for 1 sub-compilation(s) to finish...
Compiled 5 VHDL Units
Built simulation executable /home/Lotharius16/Microprocesadores/Flowking_Bird/ASM1_isim_beh.exe
Fuse Memory Usage: 669076 KB
Fuse CPU Usage: 1330 ms
GCC CPU Usage: 1350 ms
