ISim log file
Running: /home/Lotharius16/Microprocesadores/Flowking_Bird/ASM1_isim_beh.exe -intstyle ise -gui -tclbatch isim.cmd -wdb /home/Lotharius16/Microprocesadores/Flowking_Bird/ASM1_isim_beh.wdb 
INFO: There is another simulation running in the same directory. Using database file name isim1.wdb.
ISim P.20131013 (signature 0xfbc00daa)
----------------------------------------------------------------------
INFO:Security:51 - The XILINXD_LICENSE_FILE environment variable is not set.
INFO:Security:53 - The LM_LICENSE_FILE environment variable is not set.
INFO:Security:68a - user is Lotharius16, on host unknown.
WARNING:Security:43 - No license file was found in the standard Xilinx license directory.
WARNING:Security:44 - Since no license file was found,
       please run the Xilinx License Configuration Manager
       (xlcm or "Manage Xilinx Licenses")
       to assist in obtaining a license.
ERROR:Security:14 - No feature was available for 'ISIM'.

No such feature exists.
Feature:       ISIM
License path:  /home/Lotharius16/.Xilinx/*.lic:/home/Lotharius16/Xilinx/14.7/ISE_DS/ISE//data/*.lic:/home/Lotharius16/Xilinx/14.7/ISE_DS/ISE//coregen/core_licenses/Xilinx.lic:/home/Lotharius16/Xilinx/14.7/ISE_DS/ISE//coregen/core_licenses/XilinxFree.lic:
FLEXnet Licensing error:-5,357
For further information, refer to the FLEXnet Licensing documentation,
available at "www.flexerasoftware.com".
----------------------------------------------------------------------
WARNING: A full ISim License cannot be checked out due to the issues listed above. Please use Xilinx License Configuration Manager to fix these issues in order to check out a full ISim license.
WARNING: ISim will run in Lite mode. Please refer to the ISim documentation for more information on the differences between the Lite and the Full version.
This is a Lite version of ISim.
Time resolution is 1 ps
# onerror resume
# wave add /
# run 1000 ns
Simulator is doing circuit initialization process.
Finished circuit initialization process.
# isim force add /asm1/clk 0 -radix bin -value 1 -radix bin -time 500 us -repeat 1 ms
# isim force add /asm1/reset 1 -radix bin
# isim force add /asm1/reset 0 -radix bin
# isim force add /asm1/random_x 10 -radix unsigned
# isim force add /asm1/random_y 10 -radix bin
# isim force add /asm1/inicio 1 -radix bin
# isim force add /asm1/rdirx 1 -radix unsigned
# isim force add /asm1/rvelx 1 -radix bin
# isim force add /asm1/racx 1 -radix unsigned
# isim force add /asm1/racx 1 -radix unsigned
# isim force add /asm1/data_input 100100100110101010 -radix bin
# run 1.00us
# run 1.00us
# run 1.00us
# run 1.00us
# run 1.00us
# run 1.00us
# run 1.00us
# run 1.00us
# run 1.00us
# run 1.00us
# run 1.00us
# run 1.00us
# run 1.00us
# run 1.00us
# run all
Stopped at time : 1123719001 us : File "/home/Lotharius16/Microprocesadores/Flowking_Bird/ASM1.vhd" Line 52
# isim force add /asm1/wr 1 -radix bin
# run 1.00us
# run 1.00us
# run 1.00us
# isim force add /asm1/setup 1 -radix bin
# run 1.00us
# run 1.00us
# run 1.00us
# run 1.00us
# run all
Stopped at time : 4022272501 us : File "/home/Lotharius16/Microprocesadores/Flowking_Bird/ASM1.vhd" Line 52
